{"/Users/lean/Desktop/learn-jest/src/filterByTerm.js": {"path":"/Users/lean/Desktop/learn-jest/src/filterByTerm.js","statementMap":{"0":{"start":{"line":2,"column":2},"end":{"line":2,"column":60}},"1":{"start":{"line":2,"column":19},"end":{"line":2,"column":60}},"2":{"start":{"line":3,"column":2},"end":{"line":3,"column":63}},"3":{"start":{"line":3,"column":24},"end":{"line":3,"column":63}},"4":{"start":{"line":4,"column":16},"end":{"line":4,"column":43}},"5":{"start":{"line":5,"column":2},"end":{"line":5,"column":73}},"6":{"start":{"line":5,"column":43},"end":{"line":5,"column":72}},"7":{"start":{"line":8,"column":0},"end":{"line":8,"column":29}}},"fnMap":{"0":{"name":"filterByTerm","decl":{"start":{"line":1,"column":9},"end":{"line":1,"column":21}},"loc":{"start":{"line":1,"column":44},"end":{"line":6,"column":1}},"line":1},"1":{"name":"(anonymous_1)","decl":{"start":{"line":5,"column":25},"end":{"line":5,"column":26}},"loc":{"start":{"line":5,"column":43},"end":{"line":5,"column":72}},"line":5}},"branchMap":{"0":{"loc":{"start":{"line":2,"column":2},"end":{"line":2,"column":60}},"type":"if","locations":[{"start":{"line":2,"column":2},"end":{"line":2,"column":60}},{"start":{},"end":{}}],"line":2},"1":{"loc":{"start":{"line":3,"column":2},"end":{"line":3,"column":63}},"type":"if","locations":[{"start":{"line":3,"column":2},"end":{"line":3,"column":63}},{"start":{},"end":{}}],"line":3}},"s":{"0":2,"1":0,"2":2,"3":0,"4":2,"5":2,"6":6,"7":1},"f":{"0":2,"1":6},"b":{"0":[0,2],"1":[0,2]},"_coverageSchema":"1a1c01bbd47fc00a2c39e90264f33305004495a9","hash":"4b955dbb672a6765b5cef6ee567d8db33157daf9"}
}
